<?xml version="1.0" encoding="UTF-8"?>
<!-- Generated by org.testng.reporters.JUnitReportReporter -->
<testsuite skipped="0" hostname="HIRAL" name="com.orangehrmlive.testsuite.LoginPageTest" tests="2" failures="0" timestamp="2022-12-13T12:22:25 GMT" time="21.486" errors="0">
  <testcase name="userSholdLoginSuccessfullyWithValidCredentials" time="12.541" classname="com.orangehrmlive.testsuite.LoginPageTest"/>
  <system-out>
    <![CDATA[Enter usernameAdminto usernameAdmin
Enter passwaordadmin123to passwordadmin123
click on login button[[ChromeDriver: chrome on WINDOWS (be8b8242d927da483419cb58f1d97e8a)] -> xpath: //button[@class='oxd-button oxd-button--medium oxd-button--main orangehrm-login-button']]
get verify text[[ChromeDriver: chrome on WINDOWS (be8b8242d927da483419cb58f1d97e8a)] -> xpath: //h6[@class='oxd-text oxd-text--h6 oxd-topbar-header-breadcrumb-module']]]]>
  </system-out>
  <testcase name="userShouldNavigateToForgotPasswordPageSuccessfully" time="8.945" classname="com.orangehrmlive.testsuite.LoginPageTest"/>
  <system-out>
    <![CDATA[click on forgot password[[ChromeDriver: chrome on WINDOWS (44e16654e57da237c3ada09767cfd809)] -> xpath: //p[@class='oxd-text oxd-text--p orangehrm-login-forgot-header']]
 Reset password [[ChromeDriver: chrome on WINDOWS (44e16654e57da237c3ada09767cfd809)] -> xpath: //h6[text()='Reset Password']]]]>
  </system-out>
</testsuite> <!-- com.orangehrmlive.testsuite.LoginPageTest -->
